{"level":"error","message":"500 - logger is not defined - ReferenceError: logger is not defined\n    at login (D:\\Development\\Projects\\Reporting-Platform\\backend\\src\\modules\\auth\\auth.controller.js:23:5)\n    at Layer.handleRequest (D:\\Development\\Projects\\Reporting-Platform\\backend\\node_modules\\router\\lib\\layer.js:152:17)\n    at next (D:\\Development\\Projects\\Reporting-Platform\\backend\\node_modules\\router\\lib\\route.js:157:13)\n    at Route.dispatch (D:\\Development\\Projects\\Reporting-Platform\\backend\\node_modules\\router\\lib\\route.js:117:3)\n    at handle (D:\\Development\\Projects\\Reporting-Platform\\backend\\node_modules\\router\\index.js:435:11)\n    at Layer.handleRequest (D:\\Development\\Projects\\Reporting-Platform\\backend\\node_modules\\router\\lib\\layer.js:152:17)\n    at D:\\Development\\Projects\\Reporting-Platform\\backend\\node_modules\\router\\index.js:295:15\n    at processParams (D:\\Development\\Projects\\Reporting-Platform\\backend\\node_modules\\router\\index.js:582:12)\n    at next (D:\\Development\\Projects\\Reporting-Platform\\backend\\node_modules\\router\\index.js:291:5)\n    at router.handle (D:\\Development\\Projects\\Reporting-Platform\\backend\\node_modules\\router\\index.js:186:3) - /api/auth/login - POST - ::1","timestamp":"2026-03-11 19:42:34"}
{"level":"info","message":"::1 - - [11/Mar/2026:11:42:34 +0000] \"POST /api/auth/login HTTP/1.1\" 500 35 \"-\" \"PostmanRuntime/7.52.0\"","timestamp":"2026-03-11 19:42:34"}
{"body":{"password":"staff123","username":"Staff"},"level":"debug","message":"Logging in user with data: ","timestamp":"2026-03-14 19:31:43"}
{"level":"info","message":"::1 - - [14/Mar/2026:11:31:44 +0000] \"POST /api/auth/login HTTP/1.1\" 200 312 \"-\" \"PostmanRuntime/7.52.0\"","timestamp":"2026-03-14 19:31:44"}
{"level":"debug","message":"Fetching all reports","timestamp":"2026-03-14 19:31:59"}
{"level":"info","message":"::1 - - [14/Mar/2026:11:31:59 +0000] \"GET /api/reports?limit=20 HTTP/1.1\" 200 2841 \"-\" \"PostmanRuntime/7.52.0\"","timestamp":"2026-03-14 19:31:59"}
{"category_id":"7","description":"Testing claiming and resolving","image_url":null,"level":"debug","location":"test location","message":"Creating report with data: ","reporter_contact":"testreporter@gmail.com","timestamp":"2026-03-14 19:32:31","title":"Testing Report"}
{"level":"info","message":"::1 - - [14/Mar/2026:11:32:32 +0000] \"POST /api/reports/new HTTP/1.1\" 201 311 \"-\" \"PostmanRuntime/7.52.0\"","timestamp":"2026-03-14 19:32:32"}
{"level":"debug","message":"Fetching report with ID: ","timestamp":"2026-03-14 19:32:43"}
{"level":"info","message":"::1 - - [14/Mar/2026:11:32:43 +0000] \"GET /api/reports/21 HTTP/1.1\" 200 335 \"-\" \"PostmanRuntime/7.52.0\"","timestamp":"2026-03-14 19:32:43"}
{"level":"info","message":"::1 - - [14/Mar/2026:11:32:55 +0000] \"PATCH /api/reports/21/claim HTTP/1.1\" 401 35 \"-\" \"PostmanRuntime/7.52.0\"","timestamp":"2026-03-14 19:32:55"}
{"level":"debug","message":"Claiming report with ID: ","timestamp":"2026-03-14 19:33:14"}
{"level":"info","message":"::1 - - [14/Mar/2026:11:33:14 +0000] \"PATCH /api/reports/21/claim HTTP/1.1\" 200 312 \"-\" \"PostmanRuntime/7.52.0\"","timestamp":"2026-03-14 19:33:14"}
{"level":"debug","message":"Fetching report with ID: ","timestamp":"2026-03-14 19:33:22"}
{"level":"info","message":"::1 - - [14/Mar/2026:11:33:22 +0000] \"GET /api/reports/21 HTTP/1.1\" 200 336 \"-\" \"PostmanRuntime/7.52.0\"","timestamp":"2026-03-14 19:33:22"}
{"level":"debug","message":"Resolving report with ID: ","timestamp":"2026-03-14 19:34:25"}
{"level":"info","message":"::1 - - [14/Mar/2026:11:34:25 +0000] \"PATCH /api/reports/21/resolve HTTP/1.1\" 200 309 \"-\" \"PostmanRuntime/7.52.0\"","timestamp":"2026-03-14 19:34:25"}
{"level":"debug","message":"Fetching report with ID: ","timestamp":"2026-03-14 19:34:40"}
{"level":"info","message":"::1 - - [14/Mar/2026:11:34:40 +0000] \"GET /api/reports/21 HTTP/1.1\" 200 333 \"-\" \"PostmanRuntime/7.52.0\"","timestamp":"2026-03-14 19:34:40"}
{"level":"debug","message":"Fetching report with ID: ","timestamp":"2026-03-14 19:35:00"}
{"level":"info","message":"::1 - - [14/Mar/2026:11:35:00 +0000] \"GET /api/reports/21 HTTP/1.1\" 200 333 \"-\" \"PostmanRuntime/7.52.0\"","timestamp":"2026-03-14 19:35:00"}
{"level":"debug","message":"Claiming report with ID: ","timestamp":"2026-03-14 19:35:05"}
{"level":"info","message":"::1 - - [14/Mar/2026:11:35:05 +0000] \"PATCH /api/reports/21/claim HTTP/1.1\" 200 312 \"-\" \"PostmanRuntime/7.52.0\"","timestamp":"2026-03-14 19:35:05"}
{"level":"debug","message":"Fetching report with ID: ","timestamp":"2026-03-14 19:35:14"}
{"level":"info","message":"::1 - - [14/Mar/2026:11:35:14 +0000] \"GET /api/reports/21 HTTP/1.1\" 200 336 \"-\" \"PostmanRuntime/7.52.0\"","timestamp":"2026-03-14 19:35:14"}
{"level":"debug","message":"Fetching report with ID: ","timestamp":"2026-03-14 19:35:17"}
{"level":"info","message":"::1 - - [14/Mar/2026:11:35:17 +0000] \"GET /api/reports/21 HTTP/1.1\" 200 336 \"-\" \"PostmanRuntime/7.52.0\"","timestamp":"2026-03-14 19:35:17"}
{"level":"debug","message":"Resolving report with ID: ","timestamp":"2026-03-14 19:35:22"}
{"level":"info","message":"::1 - - [14/Mar/2026:11:35:22 +0000] \"PATCH /api/reports/21/resolve HTTP/1.1\" 200 309 \"-\" \"PostmanRuntime/7.52.0\"","timestamp":"2026-03-14 19:35:22"}
{"level":"debug","message":"Fetching report with ID: ","timestamp":"2026-03-14 19:35:24"}
{"level":"info","message":"::1 - - [14/Mar/2026:11:35:24 +0000] \"GET /api/reports/21 HTTP/1.1\" 200 333 \"-\" \"PostmanRuntime/7.52.0\"","timestamp":"2026-03-14 19:35:24"}
{"level":"debug","message":"Fetching report with ID: ","timestamp":"2026-03-14 19:35:48"}
{"level":"info","message":"::1 - - [14/Mar/2026:11:35:48 +0000] \"GET /api/reports/20 HTTP/1.1\" 200 339 \"-\" \"PostmanRuntime/7.52.0\"","timestamp":"2026-03-14 19:35:48"}
{"level":"debug","message":"Fetching report with ID: ","timestamp":"2026-03-14 19:35:53"}
{"level":"info","message":"::1 - - [14/Mar/2026:11:35:53 +0000] \"GET /api/reports/19 HTTP/1.1\" 200 339 \"-\" \"PostmanRuntime/7.52.0\"","timestamp":"2026-03-14 19:35:53"}
{"level":"debug","message":"Fetching report with ID: ","timestamp":"2026-03-14 19:35:56"}
{"level":"info","message":"::1 - - [14/Mar/2026:11:35:56 +0000] \"GET /api/reports/18 HTTP/1.1\" 200 374 \"-\" \"PostmanRuntime/7.52.0\"","timestamp":"2026-03-14 19:35:56"}
{"level":"debug","message":"Fetching report with ID: ","timestamp":"2026-03-14 19:36:11"}
{"level":"info","message":"::1 - - [14/Mar/2026:11:36:11 +0000] \"GET /api/reports/21 HTTP/1.1\" 200 333 \"-\" \"PostmanRuntime/7.52.0\"","timestamp":"2026-03-14 19:36:11"}
{"level":"debug","message":"Claiming report with ID: ","timestamp":"2026-03-14 19:45:02"}
{"level":"warn","message":"Report not found or already claimed for: ","report_id":"21","timestamp":"2026-03-14 19:45:02"}
{"level":"info","message":"::1 - - [14/Mar/2026:11:45:02 +0000] \"PATCH /api/reports/21/claim HTTP/1.1\" 404 50 \"-\" \"PostmanRuntime/7.52.0\"","timestamp":"2026-03-14 19:45:02"}
{"level":"debug","message":"Resolving report with ID: ","timestamp":"2026-03-14 19:45:18"}
{"level":"info","message":"::1 - - [14/Mar/2026:11:45:18 +0000] \"PATCH /api/reports/21/resolve HTTP/1.1\" 200 309 \"-\" \"PostmanRuntime/7.52.0\"","timestamp":"2026-03-14 19:45:18"}
{"level":"debug","message":"Fetching report with ID: ","timestamp":"2026-03-14 19:45:25"}
{"level":"info","message":"::1 - - [14/Mar/2026:11:45:25 +0000] \"GET /api/reports/21 HTTP/1.1\" 200 333 \"-\" \"PostmanRuntime/7.52.0\"","timestamp":"2026-03-14 19:45:25"}
{"level":"debug","message":"Fetching report with ID: ","timestamp":"2026-03-14 19:54:16"}
{"level":"info","message":"::1 - - [14/Mar/2026:11:54:16 +0000] \"GET /api/reports/21 HTTP/1.1\" 200 356 \"-\" \"PostmanRuntime/7.52.0\"","timestamp":"2026-03-14 19:54:16"}
{"level":"debug","message":"Fetching report with ID: ","timestamp":"2026-03-14 19:54:26"}
{"level":"info","message":"::1 - - [14/Mar/2026:11:54:26 +0000] \"GET /api/reports/15 HTTP/1.1\" 200 355 \"-\" \"PostmanRuntime/7.52.0\"","timestamp":"2026-03-14 19:54:26"}
{"level":"debug","message":"Fetching report with ID: ","timestamp":"2026-03-14 19:54:30"}
{"level":"info","message":"::1 - - [14/Mar/2026:11:54:30 +0000] \"GET /api/reports/21 HTTP/1.1\" 200 356 \"-\" \"PostmanRuntime/7.52.0\"","timestamp":"2026-03-14 19:54:30"}
{"level":"debug","message":"Fetching all reports","timestamp":"2026-03-14 20:00:39"}
{"level":"info","message":"::1 - - [14/Mar/2026:12:00:39 +0000] \"GET /api/reports?limit=20 HTTP/1.1\" 200 3331 \"-\" \"PostmanRuntime/7.52.0\"","timestamp":"2026-03-14 20:00:39"}
{"level":"debug","message":"Fetching all reports","timestamp":"2026-03-14 20:01:34"}
{"level":"info","message":"::1 - - [14/Mar/2026:12:01:34 +0000] \"GET /api/reports?limit=20&handler_name=Staff HTTP/1.1\" 200 3331 \"-\" \"PostmanRuntime/7.52.0\"","timestamp":"2026-03-14 20:01:34"}
{"level":"debug","message":"Fetching all reports","timestamp":"2026-03-14 20:02:53"}
{"level":"info","message":"::1 - - [14/Mar/2026:12:02:53 +0000] \"GET /api/reports?limit=20&handler_name=Staff HTTP/1.1\" 200 329 \"-\" \"PostmanRuntime/7.52.0\"","timestamp":"2026-03-14 20:02:53"}
{"level":"debug","message":"Fetching all reports","timestamp":"2026-03-14 20:03:02"}
{"level":"info","message":"::1 - - [14/Mar/2026:12:03:02 +0000] \"GET /api/reports?limit=20&handler_name=Sta HTTP/1.1\" 200 329 \"-\" \"PostmanRuntime/7.52.0\"","timestamp":"2026-03-14 20:03:02"}
{"level":"debug","message":"Fetching all reports","timestamp":"2026-03-14 20:03:08"}
{"level":"info","message":"::1 - - [14/Mar/2026:12:03:08 +0000] \"GET /api/reports?limit=20&handler_name=s HTTP/1.1\" 200 329 \"-\" \"PostmanRuntime/7.52.0\"","timestamp":"2026-03-14 20:03:08"}
{"level":"debug","message":"Fetching all reports","timestamp":"2026-03-14 20:03:11"}
{"level":"info","message":"::1 - - [14/Mar/2026:12:03:11 +0000] \"GET /api/reports?limit=20&handler_name=null HTTP/1.1\" 200 121 \"-\" \"PostmanRuntime/7.52.0\"","timestamp":"2026-03-14 20:03:11"}
{"level":"debug","message":"Fetching all reports","timestamp":"2026-03-14 20:03:15"}
{"level":"info","message":"::1 - - [14/Mar/2026:12:03:15 +0000] \"GET /api/reports?limit=20&handler_name= HTTP/1.1\" 200 3331 \"-\" \"PostmanRuntime/7.52.0\"","timestamp":"2026-03-14 20:03:15"}
{"level":"debug","message":"Fetching all reports","timestamp":"2026-03-14 20:03:27"}
{"level":"info","message":"::1 - - [14/Mar/2026:12:03:28 +0000] \"GET /api/reports?limit=20 HTTP/1.1\" 200 3331 \"-\" \"PostmanRuntime/7.52.0\"","timestamp":"2026-03-14 20:03:28"}
